<?xml version="1.0" encoding="UTF-8"?>
<testsuite xmlns:xsi="http://www.w3.org/2001/XMLSchema-instance" xsi:noNamespaceSchemaLocation="https://maven.apache.org/surefire/maven-surefire-plugin/xsd/surefire-test-report-3.0.xsd" version="3.0" name="runner.TestNgRunner" time="36.311" tests="4" errors="0" skipped="0" failures="0">
  <properties>
[...]
</properties>
  <testcase name="runScenario[&quot;Test case 1: Positive test (valid username and password)&quot;, &quot;Assessment Login scenarios&quot;](1)" classname="runner.TestNgRunner" time="12.072">
    <system-out><![CDATA[
Scenario: Test case 1: Positive test (valid username and password) &amp#27;[90m# src/test/java/features/assessment.feature:3&amp#27;[0m
Url -> https://practicetestautomation.com/practice-test-login/
  &amp#27;[32mGiven &amp#27;[0m&amp#27;[32mpage header should display as &amp#27;[0m&amp#27;[32m&amp#27;[1m"Test login"&amp#27;[0m                 &amp#27;[90m# steps.login_steps.pageHeaderShouldDisplayAs(java.lang.String)&amp#27;[0m
  &amp#27;[32mWhen &amp#27;[0m&amp#27;[32menter &amp#27;[0m&amp#27;[32m&amp#27;[1m"valid"&amp#27;[0m&amp#27;[32m username&amp#27;[0m                                      &amp#27;[90m# steps.login_steps.enter_username(java.lang.String)&amp#27;[0m
  &amp#27;[32mAnd &amp#27;[0m&amp#27;[32menter &amp#27;[0m&amp#27;[32m&amp#27;[1m"valid"&amp#27;[0m&amp#27;[32m password&amp#27;[0m                                       &amp#27;[90m# steps.login_steps.enter_password(java.lang.String)&amp#27;[0m
  &amp#27;[32mAnd &amp#27;[0m&amp#27;[32mclick submit button&amp#27;[0m                                          &amp#27;[90m# steps.login_steps.click_submit_button()&amp#27;[0m
  &amp#27;[32mAnd &amp#27;[0m&amp#27;[32mvalid header in landing page as &amp#27;[0m&amp#27;[32m&amp#27;[1m"Logged In Successfully"&amp#27;[0m     &amp#27;[90m# steps.landing_page_steps.validHeaderInLandingPageAs(java.lang.String)&amp#27;[0m
  &amp#27;[32mThen &amp#27;[0m&amp#27;[32mlogout from app&amp#27;[0m                                             &amp#27;[90m# steps.landing_page_steps.logoutFromApp()&amp#27;[0m
]]></system-out>
    <system-err><![CDATA[SLF4J: Failed to load class "org.slf4j.impl.StaticLoggerBinder".
SLF4J: Defaulting to no-operation (NOP) logger implementation
SLF4J: See http://www.slf4j.org/codes.html#StaticLoggerBinder for further details.
Aug 28, 2024 1:27:58 AM org.openqa.selenium.devtools.CdpVersionFinder findNearestMatch
WARNING: Unable to find an exact match for CDP version 128, returning the closest version; found: 127; Please update to a Selenium version that supports CDP version 128
]]></system-err>
  </testcase>
  <testcase name="runScenario[&quot;Test case 2: Negative username test (incorrect username and valid password)&quot;, &quot;Assessment Login scenarios&quot;](2)" classname="runner.TestNgRunner" time="6.841">
    <system-out><![CDATA[
Scenario: Test case 2: Negative username test (incorrect username and valid password) &amp#27;[90m# src/test/java/features/assessment.feature:11&amp#27;[0m
Url -> https://practicetestautomation.com/practice-test-login/
  &amp#27;[32mGiven &amp#27;[0m&amp#27;[32mpage header should display as &amp#27;[0m&amp#27;[32m&amp#27;[1m"Test login"&amp#27;[0m                                    &amp#27;[90m# steps.login_steps.pageHeaderShouldDisplayAs(java.lang.String)&amp#27;[0m
  &amp#27;[32mWhen &amp#27;[0m&amp#27;[32menter &amp#27;[0m&amp#27;[32m&amp#27;[1m"incorrect"&amp#27;[0m&amp#27;[32m username&amp#27;[0m                                                     &amp#27;[90m# steps.login_steps.enter_username(java.lang.String)&amp#27;[0m
  &amp#27;[32mAnd &amp#27;[0m&amp#27;[32menter &amp#27;[0m&amp#27;[32m&amp#27;[1m"valid"&amp#27;[0m&amp#27;[32m password&amp#27;[0m                                                          &amp#27;[90m# steps.login_steps.enter_password(java.lang.String)&amp#27;[0m
  &amp#27;[32mAnd &amp#27;[0m&amp#27;[32mclick submit button&amp#27;[0m                                                             &amp#27;[90m# steps.login_steps.click_submit_button()&amp#27;[0m
  &amp#27;[32mThen &amp#27;[0m&amp#27;[32m&amp#27;[0m&amp#27;[32m&amp#27;[1m"Your username is invalid!"&amp#27;[0m&amp#27;[32m error should display&amp#27;[0m                               &amp#27;[90m# steps.login_steps.valid_error_message(java.lang.String)&amp#27;[0m
]]></system-out>
    <system-err><![CDATA[Aug 28, 2024 1:28:08 AM org.openqa.selenium.devtools.CdpVersionFinder findNearestMatch
WARNING: Unable to find an exact match for CDP version 128, returning the closest version; found: 127; Please update to a Selenium version that supports CDP version 128
]]></system-err>
  </testcase>
  <testcase name="runScenario[&quot;Test case 3: Negative password test (valid username and incorrect password)&quot;, &quot;Assessment Login scenarios&quot;](3)" classname="runner.TestNgRunner" time="6.7">
    <system-out><![CDATA[
Scenario: Test case 3: Negative password test (valid username and incorrect password) &amp#27;[90m# src/test/java/features/assessment.feature:18&amp#27;[0m
Url -> https://practicetestautomation.com/practice-test-login/
  &amp#27;[32mGiven &amp#27;[0m&amp#27;[32mpage header should display as &amp#27;[0m&amp#27;[32m&amp#27;[1m"Test login"&amp#27;[0m                                    &amp#27;[90m# steps.login_steps.pageHeaderShouldDisplayAs(java.lang.String)&amp#27;[0m
  &amp#27;[32mWhen &amp#27;[0m&amp#27;[32menter &amp#27;[0m&amp#27;[32m&amp#27;[1m"valid"&amp#27;[0m&amp#27;[32m username&amp#27;[0m                                                         &amp#27;[90m# steps.login_steps.enter_username(java.lang.String)&amp#27;[0m
  &amp#27;[32mAnd &amp#27;[0m&amp#27;[32menter &amp#27;[0m&amp#27;[32m&amp#27;[1m"incorrect"&amp#27;[0m&amp#27;[32m password&amp#27;[0m                                                      &amp#27;[90m# steps.login_steps.enter_password(java.lang.String)&amp#27;[0m
  &amp#27;[32mAnd &amp#27;[0m&amp#27;[32mclick submit button&amp#27;[0m                                                             &amp#27;[90m# steps.login_steps.click_submit_button()&amp#27;[0m
  &amp#27;[32mThen &amp#27;[0m&amp#27;[32m&amp#27;[0m&amp#27;[32m&amp#27;[1m"Your password is invalid!"&amp#27;[0m&amp#27;[32m error should display&amp#27;[0m                               &amp#27;[90m# steps.login_steps.valid_error_message(java.lang.String)&amp#27;[0m
]]></system-out>
    <system-err><![CDATA[Aug 28, 2024 1:28:14 AM org.openqa.selenium.devtools.CdpVersionFinder findNearestMatch
WARNING: Unable to find an exact match for CDP version 128, returning the closest version; found: 127; Please update to a Selenium version that supports CDP version 128
]]></system-err>
  </testcase>
  <testcase name="runScenario[&quot;Test case 4: Empty username and password&quot;, &quot;Assessment Login scenarios&quot;](4)" classname="runner.TestNgRunner" time="6.762">
    <system-out><![CDATA[
Scenario: Test case 4: Empty username and password      &amp#27;[90m# src/test/java/features/assessment.feature:25&amp#27;[0m
Url -> https://practicetestautomation.com/practice-test-login/
  &amp#27;[32mGiven &amp#27;[0m&amp#27;[32mpage header should display as &amp#27;[0m&amp#27;[32m&amp#27;[1m"Test login"&amp#27;[0m      &amp#27;[90m# steps.login_steps.pageHeaderShouldDisplayAs(java.lang.String)&amp#27;[0m
  &amp#27;[32mWhen &amp#27;[0m&amp#27;[32mclick submit button&amp#27;[0m                              &amp#27;[90m# steps.login_steps.click_submit_button()&amp#27;[0m
  &amp#27;[32mThen &amp#27;[0m&amp#27;[32m&amp#27;[0m&amp#27;[32m&amp#27;[1m"Your username is invalid!"&amp#27;[0m&amp#27;[32m error should display&amp#27;[0m &amp#27;[90m# steps.login_steps.valid_error_message(java.lang.String)&amp#27;[0m
]]></system-out>
    <system-err><![CDATA[Aug 28, 2024 1:28:21 AM org.openqa.selenium.devtools.CdpVersionFinder findNearestMatch
WARNING: Unable to find an exact match for CDP version 128, returning the closest version; found: 127; Please update to a Selenium version that supports CDP version 128
]]></system-err>
  </testcase>
</testsuite>